2017-09-04 16:43:47,836 WARN [NioProcessor-2] c.a.s.s.SsoHandler [SsoHandler.java:45] session 关闭 ...
2017-09-04 16:43:47,838 DEBUG [main] c.a.s.s.SsoService [SsoService.java:92] 请求报文：105000010TELEAFPS201709041643473060439920170904164347990001         GN      20007145  341ede451b8c13cd66e1529e77fde6a9                            avlImICgyGmBUHnoTbgJ99  000005990001
2017-09-04 16:46:02,747 WARN [NioProcessor-2] c.a.s.s.SsoHandler [SsoHandler.java:45] session 关闭 ...
2017-09-04 16:46:02,749 INFO [main] c.a.s.s.SsoService [SsoService.java:92] 请求报文：105000010TELEAFPS201709041646023233879920170904164602990001         GN      20007145  44a58f32c3316203d88043c8f52eb679                            9g24sFnABORGNubFBUQv99  000005990001
2017-09-04 16:46:48,996 INFO [main] c.a.s.s.SsoService [SsoService.java:92] 请求报文：105000010TELEAFPS201709041646485573210220170904164648990001         GN      20007145  729fe666dc6a124f49a17fe2083babbd                            SiCEJpViQZ4cH46NgPfu99  000005990001
2017-09-04 16:46:49,152 DEBUG [NioProcessor-2] o.a.m.f.c.ProtocolCodecFilter [ProtocolCodecFilter.java:213] Processing a MESSAGE_RECEIVED for session 1
2017-09-04 16:46:49,157 DEBUG [NioProcessor-2] c.a.s.s.DtoDecoder [DtoDecoder.java:48] decode msg:105100010TELEAFPS20170904164648557321022017090416464899000101       G       0000   事务处理成功                                                0873121000120001033核心柜员                                                    9411422419888898     0  
2017-09-04 16:46:49,157 DEBUG [NioProcessor-2] c.a.s.s.SsoHandler [SsoHandler.java:40] client accept data:105100010TELEAFPS20170904164648557321022017090416464899000101       G       0000   事务处理成功                                                0873121000120001033核心柜员                                                    9411422419888898     0  
2017-09-04 16:46:49,159 WARN [NioProcessor-2] c.a.s.s.SsoHandler [SsoHandler.java:45] session 关闭 ...
2017-09-04 16:46:49,162 INFO [main] c.a.s.s.SsoService [SsoService.java:104] 响应报文：105100010TELEAFPS20170904164648557321022017090416464899000101       G       0000   事务处理成功                                                0873121000120001033核心柜员                                                    9411422419888898     0  
2017-09-04 16:50:02,171 ERROR [main] c.a.s.s.SsoService [SsoService.java:109] Failed to get the session.
org.apache.mina.core.RuntimeIoException: Failed to get the session.
	at org.apache.mina.core.future.DefaultConnectFuture.getSession(DefaultConnectFuture.java:58) ~[mina-core-2.0.9.jar:na]
	at citic.aml.sso.service.SsoService.trans(SsoService.java:89) [classes/:na]
	at citic.aml.sso.service.SsoService.main(SsoService.java:288) [classes/:na]
Caused by: java.net.ConnectException: Connection refused: no further information
	at sun.nio.ch.SocketChannelImpl.checkConnect(Native Method) ~[na:1.6.0_30]
	at sun.nio.ch.SocketChannelImpl.finishConnect(SocketChannelImpl.java:567) ~[na:1.6.0_30]
	at org.apache.mina.transport.socket.nio.NioSocketConnector.finishConnect(NioSocketConnector.java:221) ~[mina-core-2.0.9.jar:na]
	at org.apache.mina.transport.socket.nio.NioSocketConnector.finishConnect(NioSocketConnector.java:47) ~[mina-core-2.0.9.jar:na]
	at org.apache.mina.core.polling.AbstractPollingIoConnector.processConnections(AbstractPollingIoConnector.java:459) ~[mina-core-2.0.9.jar:na]
	at org.apache.mina.core.polling.AbstractPollingIoConnector.access$700(AbstractPollingIoConnector.java:65) ~[mina-core-2.0.9.jar:na]
	at org.apache.mina.core.polling.AbstractPollingIoConnector$Connector.run(AbstractPollingIoConnector.java:527) ~[mina-core-2.0.9.jar:na]
	at org.apache.mina.util.NamePreservingRunnable.run(NamePreservingRunnable.java:64) ~[mina-core-2.0.9.jar:na]
	at java.util.concurrent.ThreadPoolExecutor$Worker.runTask(ThreadPoolExecutor.java:886) ~[na:1.6.0_30]
	at java.util.concurrent.ThreadPoolExecutor$Worker.run(ThreadPoolExecutor.java:908) ~[na:1.6.0_30]
	at java.lang.Thread.run(Thread.java:662) ~[na:1.6.0_30]
2017-09-04 16:53:05,619 WARN [NioProcessor-2] c.a.s.s.SsoHandler [SsoHandler.java:45] session 关闭 ...
2017-09-04 16:53:05,619 INFO [main] c.a.s.s.SsoService [SsoService.java:92] 请求报文：105000010TELEAFPS201709041653054651196720170904165305990001         GN      20007145  2c32a97aab9783f97f7a76f53b19d55a                            TLiZob4jPg7rnAyoUHUS99  000005990001
2017-09-04 16:53:34,357 WARN [NioProcessor-2] c.a.s.s.SsoHandler [SsoHandler.java:45] session 关闭 ...
2017-09-04 16:53:34,357 INFO [main] c.a.s.s.SsoService [SsoService.java:92] 请求报文：105000010TELEAFPS201709041653345918704420170904165334990001         GN      20007145  235bf4759c1e69e8612fafd06f60688e                            sdjGxhc52v0QoK4eK0aJ99  000005990001
2017-09-04 16:55:23,975 WARN [NioProcessor-2] c.a.s.s.SsoHandler [SsoHandler.java:45] session 关闭 ...
2017-09-04 16:55:23,978 INFO [main] c.a.s.s.SsoService [SsoService.java:92] 请求报文：105000010TELEAFPS201709041655237179126920170904165523990001         GN      10001005  11304d2bd767944a03bda7cd0682a75b                            yT2aNgD8oLXhKkuorUzf99  000005990001
2017-09-04 17:01:48,738 INFO [main] c.a.s.s.SsoService [SsoService.java:92] 请求报文：105000010TELEAFPS201709041701483292149420170904170148990001         GN      10001005  e2335b3cb2b14c07cc5d7425d6467839                            l5qr7qxSDDv2sFpq2RZu99  000005990001
2017-09-04 17:01:49,537 DEBUG [NioProcessor-2] o.a.m.f.c.ProtocolCodecFilter [ProtocolCodecFilter.java:213] Processing a MESSAGE_RECEIVED for session 1
2017-09-04 17:01:49,550 DEBUG [NioProcessor-2] c.a.s.s.DtoDecoder [DtoDecoder.java:48] decode msg:105100010TELEAFPS20170904170148329214942017090417014899000101       G       A000314[10001005]柜员密码输入10次不正确，柜员已锁定！                                                                                                                     
2017-09-04 17:01:49,551 DEBUG [NioProcessor-2] c.a.s.s.SsoHandler [SsoHandler.java:40] client accept data:105100010TELEAFPS20170904170148329214942017090417014899000101       G       A000314[10001005]柜员密码输入10次不正确，柜员已锁定！                                                                                                                     
2017-09-04 17:01:49,554 INFO [main] c.a.s.s.SsoService [SsoService.java:104] 响应报文：105100010TELEAFPS20170904170148329214942017090417014899000101       G       A000314[10001005]柜员密码输入10次不正确，柜员已锁定！                                                                                                                     
2017-09-04 17:01:49,555 WARN [NioProcessor-2] c.a.s.s.SsoHandler [SsoHandler.java:45] session 关闭 ...
2017-09-04 17:07:20,858 INFO [main] c.a.s.s.SsoService [SsoService.java:92] 请求报文：105000010TELEAFPS201709041707206512417420170904170720990001         GN      10001004  773e87fbf1d351b6380294a176657599                            TGPpQTI79rrmFj81CTzT99  000005990001
2017-09-04 17:07:20,936 DEBUG [NioProcessor-2] o.a.m.f.c.ProtocolCodecFilter [ProtocolCodecFilter.java:213] Processing a MESSAGE_RECEIVED for session 1
2017-09-04 17:07:20,948 DEBUG [NioProcessor-2] c.a.s.s.DtoDecoder [DtoDecoder.java:48] decode msg:105100010TELEAFPS20170904170720651241742017090417072099000101       G       A000317[10001004]柜员已经锁定，无法登陆系统                                                                                                                               
2017-09-04 17:07:20,949 DEBUG [NioProcessor-2] c.a.s.s.SsoHandler [SsoHandler.java:40] client accept data:105100010TELEAFPS20170904170720651241742017090417072099000101       G       A000317[10001004]柜员已经锁定，无法登陆系统                                                                                                                               
2017-09-04 17:07:20,951 WARN [NioProcessor-2] c.a.s.s.SsoHandler [SsoHandler.java:45] session 关闭 ...
2017-09-04 17:07:20,954 INFO [main] c.a.s.s.SsoService [SsoService.java:104] 响应报文：105100010TELEAFPS20170904170720651241742017090417072099000101       G       A000317[10001004]柜员已经锁定，无法登陆系统                                                                                                                               
2017-09-04 17:07:54,420 WARN [NioProcessor-2] c.a.s.s.SsoHandler [SsoHandler.java:45] session 关闭 ...
2017-09-04 17:07:54,432 INFO [main] c.a.s.s.SsoService [SsoService.java:92] 请求报文：105000010TELEAFPS201709041707547726077620170904170754990001         GN      10001004  77c2fd7e4882310c10a34170cf40e785                            YXS8RYXlL6swsPZIQkPe99  000005990001
2017-09-04 17:12:21,808 INFO [main] c.a.s.s.SsoService [SsoService.java:92] 请求报文：105000010TELEAFPS201709041712217422997520170904171221990001         GN      10001004  1e0f65de79074a1d41373c1f2e2a22ce                            k9BH40GOAh4zh8ijqCGf99  000005990001
2017-09-04 17:12:21,890 DEBUG [NioProcessor-2] o.a.m.f.c.ProtocolCodecFilter [ProtocolCodecFilter.java:213] Processing a MESSAGE_RECEIVED for session 1
2017-09-04 17:12:21,903 DEBUG [NioProcessor-2] c.a.s.s.DtoDecoder [DtoDecoder.java:48] decode msg:105100010TELEAFPS20170904171221742299752017090417122199000101       G       A000315[10001004]柜员密码错误！                                                                                                                                           
2017-09-04 17:12:21,904 DEBUG [NioProcessor-2] c.a.s.s.SsoHandler [SsoHandler.java:40] client accept data:105100010TELEAFPS20170904171221742299752017090417122199000101       G       A000315[10001004]柜员密码错误！                                                                                                                                           
2017-09-04 17:12:21,905 WARN [NioProcessor-2] c.a.s.s.SsoHandler [SsoHandler.java:45] session 关闭 ...
2017-09-04 17:12:21,908 INFO [main] c.a.s.s.SsoService [SsoService.java:104] 响应报文：105100010TELEAFPS20170904171221742299752017090417122199000101       G       A000315[10001004]柜员密码错误！                                                                                                                                           
2017-09-04 17:12:56,646 INFO [main] c.a.s.s.SsoService [SsoService.java:92] 请求报文：105000010TELEAFPS201709041712569897377520170904171256990001         GN      10001005  730c53f4609d8102af1c1c09e71a1a86                            j2ISxXG0iPr5t1KwyXT899  000005990001
2017-09-04 17:12:56,724 DEBUG [NioProcessor-2] o.a.m.f.c.ProtocolCodecFilter [ProtocolCodecFilter.java:213] Processing a MESSAGE_RECEIVED for session 1
2017-09-04 17:12:56,736 DEBUG [NioProcessor-2] c.a.s.s.DtoDecoder [DtoDecoder.java:48] decode msg:105100010TELEAFPS20170904171256989737752017090417125699000101       G       A000315[10001005]柜员密码错误！                                                                                                                                           
2017-09-04 17:12:56,737 DEBUG [NioProcessor-2] c.a.s.s.SsoHandler [SsoHandler.java:40] client accept data:105100010TELEAFPS20170904171256989737752017090417125699000101       G       A000315[10001005]柜员密码错误！                                                                                                                                           
2017-09-04 17:12:56,738 INFO [main] c.a.s.s.SsoService [SsoService.java:104] 响应报文：105100010TELEAFPS20170904171256989737752017090417125699000101       G       A000315[10001005]柜员密码错误！                                                                                                                                           
2017-09-04 17:12:56,738 WARN [NioProcessor-2] c.a.s.s.SsoHandler [SsoHandler.java:45] session 关闭 ...
2017-09-04 17:13:56,169 INFO [main] c.a.s.s.SsoService [SsoService.java:92] 请求报文：105000010TELEAFPS201709041713566248456020170904171356990001         GN      10001005  7e57d05f5a6ac043da975185d8b2c1ad                            lop4tvQf8d46WEHcmTQG99  000005990001
2017-09-04 17:13:56,302 DEBUG [NioProcessor-2] o.a.m.f.c.ProtocolCodecFilter [ProtocolCodecFilter.java:213] Processing a MESSAGE_RECEIVED for session 1
2017-09-04 17:13:56,320 DEBUG [NioProcessor-2] c.a.s.s.DtoDecoder [DtoDecoder.java:48] decode msg:105100010TELEAFPS20170904171356624845602017090417135699000101       G       0000   事务处理成功                                                0873100000100936030总行柜员                                                    9445202198911040041  0  
2017-09-04 17:13:56,320 DEBUG [NioProcessor-2] c.a.s.s.SsoHandler [SsoHandler.java:40] client accept data:105100010TELEAFPS20170904171356624845602017090417135699000101       G       0000   事务处理成功                                                0873100000100936030总行柜员                                                    9445202198911040041  0  
2017-09-04 17:13:56,323 WARN [NioProcessor-2] c.a.s.s.SsoHandler [SsoHandler.java:45] session 关闭 ...
2017-09-04 17:13:56,325 INFO [main] c.a.s.s.SsoService [SsoService.java:104] 响应报文：105100010TELEAFPS20170904171356624845602017090417135699000101       G       0000   事务处理成功                                                0873100000100936030总行柜员                                                    9445202198911040041  0  
2017-09-04 17:14:05,240 INFO [main] c.a.s.s.SsoService [SsoService.java:92] 请求报文：105000010TELEAFPS201709041714051777070220170904171405990001         GN      10001004  cd87047860e2f49a7db0df105c620862                            zqJbFO38qCn6dYBUepxx99  000005990001
2017-09-04 17:14:05,333 DEBUG [NioProcessor-2] o.a.m.f.c.ProtocolCodecFilter [ProtocolCodecFilter.java:213] Processing a MESSAGE_RECEIVED for session 1
2017-09-04 17:14:05,352 DEBUG [NioProcessor-2] c.a.s.s.DtoDecoder [DtoDecoder.java:48] decode msg:105100010TELEAFPS20170904171405177707022017090417140599000101       G       0000   事务处理成功                                                0873100000100936030总行柜员                                                    9411422419888898     0  
2017-09-04 17:14:05,352 DEBUG [NioProcessor-2] c.a.s.s.SsoHandler [SsoHandler.java:40] client accept data:105100010TELEAFPS20170904171405177707022017090417140599000101       G       0000   事务处理成功                                                0873100000100936030总行柜员                                                    9411422419888898     0  
2017-09-04 17:14:05,358 WARN [NioProcessor-2] c.a.s.s.SsoHandler [SsoHandler.java:45] session 关闭 ...
2017-09-04 17:14:05,361 INFO [main] c.a.s.s.SsoService [SsoService.java:104] 响应报文：105100010TELEAFPS20170904171405177707022017090417140599000101       G       0000   事务处理成功                                                0873100000100936030总行柜员                                                    9411422419888898     0  
2017-09-04 17:15:44,454 INFO [main] c.a.s.s.SsoService [SsoService.java:92] 请求报文：105000010TELEAFPS201709041715449618461320170904171544990001         GN      20007145  369d8948dc5c7041459cd450ba5c2189                            duux65tjXzMOTgSaol9r99  000005990001
2017-09-04 17:15:44,541 DEBUG [NioProcessor-2] o.a.m.f.c.ProtocolCodecFilter [ProtocolCodecFilter.java:213] Processing a MESSAGE_RECEIVED for session 1
2017-09-04 17:15:44,553 DEBUG [NioProcessor-2] c.a.s.s.DtoDecoder [DtoDecoder.java:48] decode msg:105100010TELEAFPS20170904171544961846132017090417154499000101       G       0000   事务处理成功                                                0873121000120001033核心柜员                                                    9411422419888898     0  
2017-09-04 17:15:44,554 DEBUG [NioProcessor-2] c.a.s.s.SsoHandler [SsoHandler.java:40] client accept data:105100010TELEAFPS20170904171544961846132017090417154499000101       G       0000   事务处理成功                                                0873121000120001033核心柜员                                                    9411422419888898     0  
2017-09-04 17:15:44,556 WARN [NioProcessor-2] c.a.s.s.SsoHandler [SsoHandler.java:45] session 关闭 ...
